Unity Editor version:    2021.3.13f1 (9e7d58001ecf)
Branch:                  2021.3/staging
Build type:              Release
Batch mode:              YES
macOS version:           Version 13.0.1 (Build 22A400)
Darwin version:          22.1.0
Architecture:            arm64
Running under Rosetta:   NO
Available memory:        16384 MB
Using pre-set license
Pro License: YES

COMMAND LINE ARGUMENTS:
/Applications/Unity/Hub/Editor/2021.3.13f1/Unity.app/Contents/MacOS/Unity
-adb2
-batchMode
-noUpm
-name
AssetImportWorker0
-projectPath
/Users/kadirfurkancaybasi/Documents/Disc Thrower Git/Disc Thrower
-logFile
Logs/AssetImportWorker0.log
-srvPort
49203
Successfully changed project path to: /Users/kadirfurkancaybasi/Documents/Disc Thrower Git/Disc Thrower
/Users/kadirfurkancaybasi/Documents/Disc Thrower Git/Disc Thrower
[UnityMemory] Configuration Parameters - Can be set up in boot.config
    "memorysetup-bucket-allocator-granularity=16"
    "memorysetup-bucket-allocator-bucket-count=8"
    "memorysetup-bucket-allocator-block-size=33554432"
    "memorysetup-bucket-allocator-block-count=8"
    "memorysetup-main-allocator-block-size=16777216"
    "memorysetup-thread-allocator-block-size=16777216"
    "memorysetup-gfx-main-allocator-block-size=16777216"
    "memorysetup-gfx-thread-allocator-block-size=16777216"
    "memorysetup-cache-allocator-block-size=4194304"
    "memorysetup-typetree-allocator-block-size=2097152"
    "memorysetup-profiler-bucket-allocator-granularity=16"
    "memorysetup-profiler-bucket-allocator-bucket-count=8"
    "memorysetup-profiler-bucket-allocator-block-size=33554432"
    "memorysetup-profiler-bucket-allocator-block-count=8"
    "memorysetup-profiler-allocator-block-size=16777216"
    "memorysetup-profiler-editor-allocator-block-size=1048576"
    "memorysetup-temp-allocator-size-main=16777216"
    "memorysetup-job-temp-allocator-block-size=2097152"
    "memorysetup-job-temp-allocator-block-size-background=1048576"
    "memorysetup-job-temp-allocator-reduction-small-platforms=262144"
    "memorysetup-temp-allocator-size-background-worker=32768"
    "memorysetup-temp-allocator-size-job-worker=262144"
    "memorysetup-temp-allocator-size-preload-manager=33554432"
    "memorysetup-temp-allocator-size-nav-mesh-worker=65536"
    "memorysetup-temp-allocator-size-audio-worker=65536"
    "memorysetup-temp-allocator-size-cloud-worker=32768"
    "memorysetup-temp-allocator-size-gi-baking-worker=262144"
    "memorysetup-temp-allocator-size-gfx=262144"
Refreshing native plugins compatible for Editor in 110.02 ms, found 3 plugins.
Preloading 0 native plugins for Editor in 0.00 ms.
Initialize engine version: 2021.3.13f1 (9e7d58001ecf)
[Subsystems] Discovering subsystems at path /Applications/Unity/Hub/Editor/2021.3.13f1/Unity.app/Contents/Resources/UnitySubsystems
[Subsystems] Discovering subsystems at path /Users/kadirfurkancaybasi/Documents/Disc Thrower Git/Disc Thrower/Assets
GfxDevice: creating device client; threaded=0; jobified=0
 preferred device: Apple M1 (high power)
Metal devices available: 1
0: Apple M1 (high power)
Using device Apple M1 (high power)
Initializing Metal device caps: Apple M1
Initialize mono
Mono path[0] = '/Applications/Unity/Hub/Editor/2021.3.13f1/Unity.app/Contents/Managed'
Mono path[1] = '/Applications/Unity/Hub/Editor/2021.3.13f1/Unity.app/Contents/MonoBleedingEdge/lib/mono/unityjit-macos'
Mono config path = '/Applications/Unity/Hub/Editor/2021.3.13f1/Unity.app/Contents/MonoBleedingEdge/etc'
Using monoOptions --debugger-agent=transport=dt_socket,embedding=1,server=y,suspend=n,address=127.0.0.1:56452
Begin MonoManager ReloadAssembly
Registering precompiled unity dll's ...
Register platform support module: /Applications/Unity/Hub/Editor/2021.3.13f1/PlaybackEngines/WebGLSupport/UnityEditor.WebGL.Extensions.dll
Register platform support module: /Applications/Unity/Hub/Editor/2021.3.13f1/Unity.app/Contents/PlaybackEngines/MacStandaloneSupport/UnityEditor.OSXStandalone.Extensions.dll
Register platform support module: /Applications/Unity/Hub/Editor/2021.3.13f1/PlaybackEngines/AndroidPlayer/UnityEditor.Android.Extensions.dll
Register platform support module: /Applications/Unity/Hub/Editor/2021.3.13f1/PlaybackEngines/iOSSupport/UnityEditor.iOS.Extensions.dll
Registered in 0.001248 seconds.
[usbmuxd] Start listen thread
[usbmuxd] Listen thread started
[usbmuxd] Send listen message
Native extension for iOS target not found
Native extension for Android target not found
Native extension for OSXStandalone target not found
Native extension for WebGL target not found
Refreshing native plugins compatible for Editor in 114.29 ms, found 3 plugins.
Preloading 0 native plugins for Editor in 0.00 ms.
Mono: successfully reloaded assembly
- Completed reload, in  0.438 seconds
Domain Reload Profiling:
	ReloadAssembly (438ms)
		BeginReloadAssembly (29ms)
			ExecutionOrderSort (0ms)
			DisableScriptedObjects (0ms)
			BackupInstance (0ms)
			ReleaseScriptingObjects (0ms)
			CreateAndSetChildDomain (0ms)
		EndReloadAssembly (353ms)
			LoadAssemblies (29ms)
			RebuildTransferFunctionScriptingTraits (0ms)
			SetupTypeCache (60ms)
			ReleaseScriptCaches (0ms)
			RebuildScriptCaches (17ms)
			SetupLoadedEditorAssemblies (253ms)
				LogAssemblyErrors (0ms)
				InitializePlatformSupportModulesInManaged (79ms)
				SetLoadedEditorAssemblies (0ms)
				RefreshPlugins (114ms)
				BeforeProcessingInitializeOnLoad (1ms)
				ProcessInitializeOnLoadAttributes (39ms)
				ProcessInitializeOnLoadMethodAttributes (20ms)
				AfterProcessingInitializeOnLoad (0ms)
				EditorAssembliesLoaded (0ms)
			ExecutionOrderSort2 (0ms)
			AwakeInstancesAfterBackupRestoration (0ms)
Platform modules already initialized, skipping
Registering precompiled user dll's ...
Registered in 0.002403 seconds.
Begin MonoManager ReloadAssembly
Symbol file LoadedFromMemory doesn't match image /Users/kadirfurkancaybasi/Documents/Disc Thrower Git/Disc Thrower/Library/PackageCache/com.unity.visualscripting@1.7.8/Editor/VisualScripting.Core/Dependencies/DotNetZip/Unity.VisualScripting.IonicZip.dll
Symbol file LoadedFromMemory doesn't match image /Users/kadirfurkancaybasi/Documents/Disc Thrower Git/Disc Thrower/Library/PackageCache/com.unity.visualscripting@1.7.8/Editor/VisualScripting.Core/Dependencies/YamlDotNet/Unity.VisualScripting.YamlDotNet.dll
Native extension for iOS target not found
Native extension for Android target not found
Native extension for OSXStandalone target not found
Native extension for WebGL target not found
Refreshing native plugins compatible for Editor in 119.24 ms, found 3 plugins.
Preloading 0 native plugins for Editor in 0.00 ms.
Mono: successfully reloaded assembly
- Completed reload, in  0.911 seconds
Domain Reload Profiling:
	ReloadAssembly (911ms)
		BeginReloadAssembly (155ms)
			ExecutionOrderSort (0ms)
			DisableScriptedObjects (3ms)
			BackupInstance (0ms)
			ReleaseScriptingObjects (0ms)
			CreateAndSetChildDomain (114ms)
		EndReloadAssembly (697ms)
			LoadAssemblies (38ms)
			RebuildTransferFunctionScriptingTraits (0ms)
			SetupTypeCache (159ms)
			ReleaseScriptCaches (4ms)
			RebuildScriptCaches (42ms)
			SetupLoadedEditorAssemblies (432ms)
				LogAssemblyErrors (0ms)
				InitializePlatformSupportModulesInManaged (14ms)
				SetLoadedEditorAssemblies (0ms)
				RefreshPlugins (119ms)
				BeforeProcessingInitializeOnLoad (78ms)
				ProcessInitializeOnLoadAttributes (179ms)
				ProcessInitializeOnLoadMethodAttributes (41ms)
				AfterProcessingInitializeOnLoad (1ms)
				EditorAssembliesLoaded (0ms)
			ExecutionOrderSort2 (0ms)
			AwakeInstancesAfterBackupRestoration (2ms)
Platform modules already initialized, skipping
========================================================================
Worker process is ready to serve import requests
Launching external process: /Applications/Unity/Hub/Editor/2021.3.13f1/Unity.app/Contents/Tools/UnityShaderCompiler
Launched and connected shader compiler UnityShaderCompiler after 0.05 seconds
Refreshing native plugins compatible for Editor in 0.82 ms, found 3 plugins.
Preloading 0 native plugins for Editor in 0.00 ms.
Unloading 6080 Unused Serialized files (Serialized files now loaded: 0)
Unloading 74 unused Assets / (1.6 MB). Loaded Objects now: 6504.
Memory consumption went from 248.6 MB to 247.0 MB.
Total: 3.371041 ms (FindLiveObjects: 0.205083 ms CreateObjectMapping: 0.077125 ms MarkObjects: 2.476083 ms  DeleteObjects: 0.612208 ms)

AssetImportParameters requested are different than current active one (requested -> active):
  custom:video-decoder-ogg-theora: a1e56fd34408186e4bbccfd4996cb3dc -> 
  custom:container-muxer-webm: aa71ff27fc2769a1b78a27578f13a17b -> 
  custom:container-demuxer-webm: 4f35f7cbe854078d1ac9338744f61a02 -> 
  custom:video-encoder-webm-vp8: eb34c28f22e8b96e1ab97ce403110664 -> 
  custom:framework-osx-AVFoundation: e770b220cccbd017edd2c1fefb359320 -> 
  custom:audio-encoder-webm-vorbis: bf7c407c2cedff20999df2af8eb42d56 -> 
  custom:container-demuxer-ogg: 62fdf1f143b41e24485cea50d1cbac27 -> 
  custom:video-decoder-webm-vp8: 9c59270c3fd7afecdb556c50c9e8de78 -> 
  custom:audio-decoder-ogg-vorbis: bf7c407c2cedff20999df2af8eb42d56 -> 
========================================================================
Received Prepare
Registering precompiled user dll's ...
Registered in 0.002356 seconds.
Begin MonoManager ReloadAssembly
Thread 0x2919fb000 may have been prematurely finalized
Symbol file LoadedFromMemory doesn't match image /Users/kadirfurkancaybasi/Documents/Disc Thrower Git/Disc Thrower/Library/PackageCache/com.unity.visualscripting@1.7.8/Editor/VisualScripting.Core/Dependencies/DotNetZip/Unity.VisualScripting.IonicZip.dll
Symbol file LoadedFromMemory doesn't match image /Users/kadirfurkancaybasi/Documents/Disc Thrower Git/Disc Thrower/Library/PackageCache/com.unity.visualscripting@1.7.8/Editor/VisualScripting.Core/Dependencies/YamlDotNet/Unity.VisualScripting.YamlDotNet.dll
Native extension for iOS target not found
Native extension for Android target not found
Native extension for OSXStandalone target not found
Native extension for WebGL target not found
Refreshing native plugins compatible for Editor in 1.02 ms, found 3 plugins.
Preloading 0 native plugins for Editor in 0.00 ms.
Mono: successfully reloaded assembly
- Completed reload, in  0.679 seconds
Domain Reload Profiling:
	ReloadAssembly (680ms)
		BeginReloadAssembly (72ms)
			ExecutionOrderSort (0ms)
			DisableScriptedObjects (2ms)
			BackupInstance (0ms)
			ReleaseScriptingObjects (0ms)
			CreateAndSetChildDomain (22ms)
		EndReloadAssembly (555ms)
			LoadAssemblies (38ms)
			RebuildTransferFunctionScriptingTraits (0ms)
			SetupTypeCache (164ms)
			ReleaseScriptCaches (1ms)
			RebuildScriptCaches (34ms)
			SetupLoadedEditorAssemblies (287ms)
				LogAssemblyErrors (0ms)
				InitializePlatformSupportModulesInManaged (20ms)
				SetLoadedEditorAssemblies (0ms)
				RefreshPlugins (1ms)
				BeforeProcessingInitializeOnLoad (57ms)
				ProcessInitializeOnLoadAttributes (163ms)
				ProcessInitializeOnLoadMethodAttributes (44ms)
				AfterProcessingInitializeOnLoad (1ms)
				EditorAssembliesLoaded (0ms)
			ExecutionOrderSort2 (0ms)
			AwakeInstancesAfterBackupRestoration (5ms)
Platform modules already initialized, skipping
Refreshing native plugins compatible for Editor in 2.31 ms, found 3 plugins.
Preloading 0 native plugins for Editor in 0.00 ms.
Unloading 5869 Unused Serialized files (Serialized files now loaded: 0)
Unloading 65 unused Assets / (1.6 MB). Loaded Objects now: 6507.
Memory consumption went from 234.4 MB to 232.8 MB.
Total: 3.832375 ms (FindLiveObjects: 0.241542 ms CreateObjectMapping: 0.091084 ms MarkObjects: 2.694958 ms  DeleteObjects: 0.803917 ms)

AssetImportParameters requested are different than current active one (requested -> active):
  custom:video-decoder-ogg-theora: a1e56fd34408186e4bbccfd4996cb3dc -> 
  custom:container-muxer-webm: aa71ff27fc2769a1b78a27578f13a17b -> 
  custom:container-demuxer-webm: 4f35f7cbe854078d1ac9338744f61a02 -> 
  custom:video-encoder-webm-vp8: eb34c28f22e8b96e1ab97ce403110664 -> 
  custom:framework-osx-AVFoundation: e770b220cccbd017edd2c1fefb359320 -> 
  custom:audio-encoder-webm-vorbis: bf7c407c2cedff20999df2af8eb42d56 -> 
  custom:container-demuxer-ogg: 62fdf1f143b41e24485cea50d1cbac27 -> 
  custom:video-decoder-webm-vp8: 9c59270c3fd7afecdb556c50c9e8de78 -> 
  custom:audio-decoder-ogg-vorbis: bf7c407c2cedff20999df2af8eb42d56 -> 
========================================================================
Received Import Request.
  Time since last request: 226.277598 seconds.
  path: Assets/Runner/Environment/Levels/Level_000.asset
  artifactKey: Guid(33ced907333634bffa860034de1f4df9) Importer(815301076,1909f56bfc062723c751e8b465ee728b)
Start importing Assets/Runner/Environment/Levels/Level_000.asset using Guid(33ced907333634bffa860034de1f4df9) Importer(815301076,1909f56bfc062723c751e8b465ee728b)  -> (artifact id: 'f1d63654d685e6568c994f7c2b29cafe') in 0.063603 seconds 
========================================================================
Received Import Request.
  Time since last request: 14.003206 seconds.
  path: Assets/Prefabs/Gate_RateDecrease.prefab
  artifactKey: Guid(f98bed93408f1d34095178af3540f1a1) Importer(815301076,1909f56bfc062723c751e8b465ee728b)
Start importing Assets/Prefabs/Gate_RateDecrease.prefab using Guid(f98bed93408f1d34095178af3540f1a1) Importer(815301076,1909f56bfc062723c751e8b465ee728b)  -> (artifact id: '73761d2aba21b3af66de6f21c7091f80') in 0.140985 seconds 
========================================================================
Received Import Request.
  Time since last request: 0.302931 seconds.
  path: Assets/Prefabs/Gate_RangeDecrease.prefab
  artifactKey: Guid(6109815e2de26804d966c52347ab01f2) Importer(815301076,1909f56bfc062723c751e8b465ee728b)
Start importing Assets/Prefabs/Gate_RangeDecrease.prefab using Guid(6109815e2de26804d966c52347ab01f2) Importer(815301076,1909f56bfc062723c751e8b465ee728b)  -> (artifact id: '6e8dccad0d771877a3ee8a9dba7edaa1') in 0.017487 seconds 
========================================================================
Received Import Request.
  Time since last request: 46.433990 seconds.
  path: Assets/Prefabs/Gates/BugattiGate.prefab
  artifactKey: Guid(40bb576ca20934c45b94434767dbc482) Importer(815301076,1909f56bfc062723c751e8b465ee728b)
Start importing Assets/Prefabs/Gates/BugattiGate.prefab using Guid(40bb576ca20934c45b94434767dbc482) Importer(815301076,1909f56bfc062723c751e8b465ee728b)  -> (artifact id: '44ce5d2e6183aacb20e10d901592d95a') in 0.056978 seconds 
========================================================================
Received Import Request.
  Time since last request: 0.811788 seconds.
  path: Assets/Prefabs/Gates/CigarGate.prefab
  artifactKey: Guid(d19f8a8e0d63cf74dbf243319f85d375) Importer(815301076,1909f56bfc062723c751e8b465ee728b)
Start importing Assets/Prefabs/Gates/CigarGate.prefab using Guid(d19f8a8e0d63cf74dbf243319f85d375) Importer(815301076,1909f56bfc062723c751e8b465ee728b)  -> (artifact id: '59d6c90b4e8ff2da473403377c470cc3') in 0.010974 seconds 
========================================================================
Received Import Request.
  Time since last request: 0.472695 seconds.
  path: Assets/Prefabs/Gates/OldCarGate.prefab
  artifactKey: Guid(d3254d26b2d134242934f0394db79b12) Importer(815301076,1909f56bfc062723c751e8b465ee728b)
Start importing Assets/Prefabs/Gates/OldCarGate.prefab using Guid(d3254d26b2d134242934f0394db79b12) Importer(815301076,1909f56bfc062723c751e8b465ee728b)  -> (artifact id: '58320234432ed7f7a1e2ac2ad17f0827') in 0.010454 seconds 
========================================================================
Received Import Request.
  Time since last request: 0.507417 seconds.
  path: Assets/Prefabs/Gates/RedGate.prefab
  artifactKey: Guid(c0a620aee19f6e447b2fd861d97a830f) Importer(815301076,1909f56bfc062723c751e8b465ee728b)
Start importing Assets/Prefabs/Gates/RedGate.prefab using Guid(c0a620aee19f6e447b2fd861d97a830f) Importer(815301076,1909f56bfc062723c751e8b465ee728b)  -> (artifact id: '396d08ad7a17216b8ee26f13d8195010') in 0.010247 seconds 
========================================================================
Received Import Request.
  Time since last request: 74.252416 seconds.
  path: Assets/Sprites
  artifactKey: Guid(00c150ee43a1f46b4b702ec455cbe937) Importer(815301076,1909f56bfc062723c751e8b465ee728b)
Start importing Assets/Sprites using Guid(00c150ee43a1f46b4b702ec455cbe937) Importer(815301076,1909f56bfc062723c751e8b465ee728b)  -> (artifact id: '158be6d58a9eaf507f73b20df3244ef8') in 0.000683 seconds 
========================================================================
Received Import Request.
  Time since last request: 13.418958 seconds.
  path: Assets/Sprites/GreenGradient.png
  artifactKey: Guid(044145b7e926e427a95b504edf0cad53) Importer(815301076,1909f56bfc062723c751e8b465ee728b)
Start importing Assets/Sprites/GreenGradient.png using Guid(044145b7e926e427a95b504edf0cad53) Importer(815301076,1909f56bfc062723c751e8b465ee728b)  -> (artifact id: '36f560be6de689d69108de5ce0a0da4c') in 0.303899 seconds 
========================================================================
Received Import Request.
  Time since last request: 3.874077 seconds.
  path: Assets/Sprites/GreenGradient.png
  artifactKey: Guid(044145b7e926e427a95b504edf0cad53) Importer(815301076,1909f56bfc062723c751e8b465ee728b)
Start importing Assets/Sprites/GreenGradient.png using Guid(044145b7e926e427a95b504edf0cad53) Importer(815301076,1909f56bfc062723c751e8b465ee728b)  -> (artifact id: '95381d08d8e41608f60690347772e7ad') in 0.010729 seconds 
========================================================================
Received Import Request.
  Time since last request: 4.048443 seconds.
  path: Assets/Sprites/GreenGradient.png
  artifactKey: Guid(044145b7e926e427a95b504edf0cad53) Importer(815301076,1909f56bfc062723c751e8b465ee728b)
Start importing Assets/Sprites/GreenGradient.png using Guid(044145b7e926e427a95b504edf0cad53) Importer(815301076,1909f56bfc062723c751e8b465ee728b)  -> (artifact id: '3e0a72ef1d6433ed9ffb28c855196a53') in 0.010983 seconds 
========================================================================
Received Import Request.
  Time since last request: 4.601458 seconds.
  path: Assets/Prefabs/Gate_RangeIncrease.prefab
  artifactKey: Guid(82517b7b0147cf3458ee3ef4cec319d3) Importer(815301076,1909f56bfc062723c751e8b465ee728b)
Start importing Assets/Prefabs/Gate_RangeIncrease.prefab using Guid(82517b7b0147cf3458ee3ef4cec319d3) Importer(815301076,1909f56bfc062723c751e8b465ee728b)  -> (artifact id: 'b380ac827b9abad4ff5dd2b896e6b6ba') in 0.012543 seconds 
========================================================================
Received Import Request.
  Time since last request: 15.725576 seconds.
  path: Assets/Prefabs/Stone_1.prefab
  artifactKey: Guid(673160258b2074964b4639387c421554) Importer(815301076,1909f56bfc062723c751e8b465ee728b)
Start importing Assets/Prefabs/Stone_1.prefab using Guid(673160258b2074964b4639387c421554) Importer(815301076,1909f56bfc062723c751e8b465ee728b)  -> (artifact id: '349d9c27afffa9c370900218dd0d6194') in 0.016739 seconds 
========================================================================
Received Import Request.
  Time since last request: 0.863275 seconds.
  path: Assets/Prefabs/GateBase.prefab
  artifactKey: Guid(cb9ad7287b7794fe0b9822d3dc1c14da) Importer(815301076,1909f56bfc062723c751e8b465ee728b)
Start importing Assets/Prefabs/GateBase.prefab using Guid(cb9ad7287b7794fe0b9822d3dc1c14da) Importer(815301076,1909f56bfc062723c751e8b465ee728b)  -> (artifact id: '5ad04d9282a5f501c4718e4376be0e90') in 0.018283 seconds 
========================================================================
Received Import Request.
  Time since last request: 233.825764 seconds.
  path: Assets/Runner/Environment/Levels/Level_000.asset
  artifactKey: Guid(33ced907333634bffa860034de1f4df9) Importer(815301076,1909f56bfc062723c751e8b465ee728b)
Start importing Assets/Runner/Environment/Levels/Level_000.asset using Guid(33ced907333634bffa860034de1f4df9) Importer(815301076,1909f56bfc062723c751e8b465ee728b)  -> (artifact id: 'f0a15285452d17173cfdb199d2c4f526') in 0.003193 seconds 
========================================================================
Received Import Request.
  Time since last request: 8.317794 seconds.
  path: Assets/Prefabs/StoneBase.prefab
  artifactKey: Guid(52df442a2bdd2466f824c1555ed3ba1a) Importer(815301076,1909f56bfc062723c751e8b465ee728b)
Start importing Assets/Prefabs/StoneBase.prefab using Guid(52df442a2bdd2466f824c1555ed3ba1a) Importer(815301076,1909f56bfc062723c751e8b465ee728b)  -> (artifact id: '4805d7c3e959afa29d42be4d785cc816') in 0.016043 seconds 
========================================================================
Received Import Request.
  Time since last request: 1.436186 seconds.
  path: Assets/Prefabs/GateBase.prefab
  artifactKey: Guid(cb9ad7287b7794fe0b9822d3dc1c14da) Importer(815301076,1909f56bfc062723c751e8b465ee728b)
Start importing Assets/Prefabs/GateBase.prefab using Guid(cb9ad7287b7794fe0b9822d3dc1c14da) Importer(815301076,1909f56bfc062723c751e8b465ee728b)  -> (artifact id: 'dd5046048ed7603315d0d85e84e7f493') in 0.184423 seconds 
========================================================================
Received Import Request.
  Time since last request: 44.360495 seconds.
  path: Assets/Prefabs/Gate_RangeInc.prefab
  artifactKey: Guid(cb9ad7287b7794fe0b9822d3dc1c14da) Importer(815301076,1909f56bfc062723c751e8b465ee728b)
Start importing Assets/Prefabs/Gate_RangeInc.prefab using Guid(cb9ad7287b7794fe0b9822d3dc1c14da) Importer(815301076,1909f56bfc062723c751e8b465ee728b)  -> (artifact id: 'e4f804c71c2e441be3de13897cbdee2c') in 0.020465 seconds 
========================================================================
Received Import Request.
  Time since last request: 159.130599 seconds.
  path: Assets/Prefabs/GateBase.prefab
  artifactKey: Guid(cb9ad7287b7794fe0b9822d3dc1c14da) Importer(815301076,1909f56bfc062723c751e8b465ee728b)
Start importing Assets/Prefabs/GateBase.prefab using Guid(cb9ad7287b7794fe0b9822d3dc1c14da) Importer(815301076,1909f56bfc062723c751e8b465ee728b)  -> (artifact id: 'bfaf7c70bafc0918a02b163a65d79065') in 0.035978 seconds 
========================================================================
Received Import Request.
  Time since last request: 4.795840 seconds.
  path: Assets/Prefabs/Gates
  artifactKey: Guid(5fb899ce41b924dc08e883cd11a195e8) Importer(815301076,1909f56bfc062723c751e8b465ee728b)
Start importing Assets/Prefabs/Gates using Guid(5fb899ce41b924dc08e883cd11a195e8) Importer(815301076,1909f56bfc062723c751e8b465ee728b)  -> (artifact id: '262c75d4d49054db32796577df81f809') in 0.000738 seconds 
========================================================================
Received Import Request.
  Time since last request: 7.443987 seconds.
  path: Assets/Prefabs/Stones
  artifactKey: Guid(3f04d61b9ab9343c38574b1469f7af3b) Importer(815301076,1909f56bfc062723c751e8b465ee728b)
Start importing Assets/Prefabs/Stones using Guid(3f04d61b9ab9343c38574b1469f7af3b) Importer(815301076,1909f56bfc062723c751e8b465ee728b)  -> (artifact id: '87f47a9ba754b850e3279b9d21d09235') in 0.000940 seconds 
========================================================================
Received Import Request.
  Time since last request: 2.237914 seconds.
  path: Assets/Prefabs/Stone_3.prefab
  artifactKey: Guid(d4c5e50747bd44661a871877ac0c6783) Importer(815301076,1909f56bfc062723c751e8b465ee728b)
Start importing Assets/Prefabs/Stone_3.prefab using Guid(d4c5e50747bd44661a871877ac0c6783) Importer(815301076,1909f56bfc062723c751e8b465ee728b)  -> (artifact id: '918538f59fa89c660f5a4a685ce2bb10') in 0.016855 seconds 
========================================================================
Received Import Request.
  Time since last request: 22.529107 seconds.
  path: Assets/Prefabs/Gates/GateRateIncrease.prefab
  artifactKey: Guid(2510835a055984738a406a87f03af653) Importer(815301076,1909f56bfc062723c751e8b465ee728b)
Start importing Assets/Prefabs/Gates/GateRateIncrease.prefab using Guid(2510835a055984738a406a87f03af653) Importer(815301076,1909f56bfc062723c751e8b465ee728b)  -> (artifact id: '7814d8175df81b1c9bbcdc32dfec5e3c') in 0.018833 seconds 
========================================================================
Received Import Request.
  Time since last request: 1.569766 seconds.
  path: Assets/Prefabs/Gates/GateRateIncrease 1.prefab
  artifactKey: Guid(08f89833d2f894c49b737b87fb70ca0e) Importer(815301076,1909f56bfc062723c751e8b465ee728b)
Start importing Assets/Prefabs/Gates/GateRateIncrease 1.prefab using Guid(08f89833d2f894c49b737b87fb70ca0e) Importer(815301076,1909f56bfc062723c751e8b465ee728b)  -> (artifact id: 'ba77269c6dd86b83b7c88f663fb8fb00') in 0.019090 seconds 
========================================================================
Received Import Request.
  Time since last request: 0.157026 seconds.
  path: Assets/Prefabs/Gates/GateRateIncrease 2.prefab
  artifactKey: Guid(634884939a5cf4f429322cc458cc2828) Importer(815301076,1909f56bfc062723c751e8b465ee728b)
Start importing Assets/Prefabs/Gates/GateRateIncrease 2.prefab using Guid(634884939a5cf4f429322cc458cc2828) Importer(815301076,1909f56bfc062723c751e8b465ee728b)  -> (artifact id: 'c6be4e78778638db60485e39d02e2242') in 0.016621 seconds 
========================================================================
Received Import Request.
  Time since last request: 0.181448 seconds.
  path: Assets/Prefabs/Gates/GateRateIncrease 3.prefab
  artifactKey: Guid(cf075425b5c0145a6b8a36268c2933ed) Importer(815301076,1909f56bfc062723c751e8b465ee728b)
Start importing Assets/Prefabs/Gates/GateRateIncrease 3.prefab using Guid(cf075425b5c0145a6b8a36268c2933ed) Importer(815301076,1909f56bfc062723c751e8b465ee728b)  -> (artifact id: 'd72c5743dfa9053a144a1a5ff7e8d271') in 0.017179 seconds 
========================================================================
Received Import Request.
  Time since last request: 6.820184 seconds.
  path: Assets/Prefabs/Gates/GateRateDecrease.prefab
  artifactKey: Guid(cf075425b5c0145a6b8a36268c2933ed) Importer(815301076,1909f56bfc062723c751e8b465ee728b)
Start importing Assets/Prefabs/Gates/GateRateDecrease.prefab using Guid(cf075425b5c0145a6b8a36268c2933ed) Importer(815301076,1909f56bfc062723c751e8b465ee728b)  -> (artifact id: '8044b6a7581d1f0f5665539325d0fb46') in 0.017929 seconds 
========================================================================
Received Import Request.
  Time since last request: 9.199607 seconds.
  path: Assets/Prefabs/Gates/GateRangeIncrease.prefab
  artifactKey: Guid(08f89833d2f894c49b737b87fb70ca0e) Importer(815301076,1909f56bfc062723c751e8b465ee728b)
Start importing Assets/Prefabs/Gates/GateRangeIncrease.prefab using Guid(08f89833d2f894c49b737b87fb70ca0e) Importer(815301076,1909f56bfc062723c751e8b465ee728b)  -> (artifact id: 'e032769336b39cf527b9c7f72f865d6a') in 0.017462 seconds 
========================================================================
Received Import Request.
  Time since last request: 8.207740 seconds.
  path: Assets/Prefabs/Gates/GateRangeDecrease.prefab
  artifactKey: Guid(634884939a5cf4f429322cc458cc2828) Importer(815301076,1909f56bfc062723c751e8b465ee728b)
Start importing Assets/Prefabs/Gates/GateRangeDecrease.prefab using Guid(634884939a5cf4f429322cc458cc2828) Importer(815301076,1909f56bfc062723c751e8b465ee728b)  -> (artifact id: 'ead5e2ae2937e180cbe6c0511a39ae48') in 0.017549 seconds 
