Unity Editor version:    2021.3.15f1 (e8e88683f834)
Branch:                  2021.3/staging
Build type:              Release
Batch mode:              YES
macOS version:           Version 13.1 (Build 22C65)
Darwin version:          22.2.0
Architecture:            arm64
Running under Rosetta:   NO
Available memory:        16384 MB
Using pre-set license
Pro License: YES

COMMAND LINE ARGUMENTS:
/Applications/Unity/Hub/Editor/2021.3.15f1/Unity.app/Contents/MacOS/Unity
-adb2
-batchMode
-noUpm
-name
AssetImportWorker0
-projectPath
/Users/kadirfurkancaybasi/Desktop/Disc Master
-logFile
Logs/AssetImportWorker0.log
-srvPort
49246
Successfully changed project path to: /Users/kadirfurkancaybasi/Desktop/Disc Master
/Users/kadirfurkancaybasi/Desktop/Disc Master
[UnityMemory] Configuration Parameters - Can be set up in boot.config
    "memorysetup-bucket-allocator-granularity=16"
    "memorysetup-bucket-allocator-bucket-count=8"
    "memorysetup-bucket-allocator-block-size=33554432"
    "memorysetup-bucket-allocator-block-count=8"
    "memorysetup-main-allocator-block-size=16777216"
    "memorysetup-thread-allocator-block-size=16777216"
    "memorysetup-gfx-main-allocator-block-size=16777216"
    "memorysetup-gfx-thread-allocator-block-size=16777216"
    "memorysetup-cache-allocator-block-size=4194304"
    "memorysetup-typetree-allocator-block-size=2097152"
    "memorysetup-profiler-bucket-allocator-granularity=16"
    "memorysetup-profiler-bucket-allocator-bucket-count=8"
    "memorysetup-profiler-bucket-allocator-block-size=33554432"
    "memorysetup-profiler-bucket-allocator-block-count=8"
    "memorysetup-profiler-allocator-block-size=16777216"
    "memorysetup-profiler-editor-allocator-block-size=1048576"
    "memorysetup-temp-allocator-size-main=16777216"
    "memorysetup-job-temp-allocator-block-size=2097152"
    "memorysetup-job-temp-allocator-block-size-background=1048576"
    "memorysetup-job-temp-allocator-reduction-small-platforms=262144"
    "memorysetup-temp-allocator-size-background-worker=32768"
    "memorysetup-temp-allocator-size-job-worker=262144"
    "memorysetup-temp-allocator-size-preload-manager=33554432"
    "memorysetup-temp-allocator-size-nav-mesh-worker=65536"
    "memorysetup-temp-allocator-size-audio-worker=65536"
    "memorysetup-temp-allocator-size-cloud-worker=32768"
    "memorysetup-temp-allocator-size-gi-baking-worker=262144"
    "memorysetup-temp-allocator-size-gfx=262144"
Player connection [8804072064] Host "[IP] 192.168.1.113 [Port] 0 [Flags] 2 [Guid] 330394066 [EditorId] 330394066 [Version] 1048832 [Id] OSXEditor(0,Kadirs-MacBook-Air.local) [Debug] 1 [PackageName] OSXEditor [ProjectName] Editor" joined multi-casting on [225.0.0.222:54997]...

Player connection [8804072064] Host "[IP] 192.168.1.113 [Port] 0 [Flags] 2 [Guid] 330394066 [EditorId] 330394066 [Version] 1048832 [Id] OSXEditor(0,Kadirs-MacBook-Air.local) [Debug] 1 [PackageName] OSXEditor [ProjectName] Editor" joined alternative multi-casting on [225.0.0.222:34997]...

Refreshing native plugins compatible for Editor in 81.16 ms, found 2 plugins.
Preloading 0 native plugins for Editor in 0.00 ms.
Initialize engine version: 2021.3.15f1 (e8e88683f834)
[Subsystems] Discovering subsystems at path /Applications/Unity/Hub/Editor/2021.3.15f1/Unity.app/Contents/Resources/UnitySubsystems
[Subsystems] Discovering subsystems at path /Users/kadirfurkancaybasi/Desktop/Disc Master/Assets
GfxDevice: creating device client; threaded=0; jobified=0
 preferred device: Apple M1 (high power)
Metal devices available: 1
0: Apple M1 (high power)
Using device Apple M1 (high power)
Initializing Metal device caps: Apple M1
Initialize mono
Mono path[0] = '/Applications/Unity/Hub/Editor/2021.3.15f1/Unity.app/Contents/Managed'
Mono path[1] = '/Applications/Unity/Hub/Editor/2021.3.15f1/Unity.app/Contents/MonoBleedingEdge/lib/mono/unityjit-macos'
Mono config path = '/Applications/Unity/Hub/Editor/2021.3.15f1/Unity.app/Contents/MonoBleedingEdge/etc'
Using monoOptions --debugger-agent=transport=dt_socket,embedding=1,server=y,suspend=n,address=127.0.0.1:56915
Begin MonoManager ReloadAssembly
Registering precompiled unity dll's ...
Register platform support module: /Applications/Unity/Hub/Editor/2021.3.15f1/Unity.app/Contents/PlaybackEngines/MacStandaloneSupport/UnityEditor.OSXStandalone.Extensions.dll
Register platform support module: /Applications/Unity/Hub/Editor/2021.3.15f1/PlaybackEngines/AndroidPlayer/UnityEditor.Android.Extensions.dll
Register platform support module: /Applications/Unity/Hub/Editor/2021.3.15f1/PlaybackEngines/iOSSupport/UnityEditor.iOS.Extensions.dll
Registered in 0.000608 seconds.
[usbmuxd] Start listen thread
[usbmuxd] Listen thread started
[usbmuxd] Send listen message
Native extension for iOS target not found
Native extension for Android target not found
Native extension for OSXStandalone target not found
Refreshing native plugins compatible for Editor in 90.63 ms, found 2 plugins.
Preloading 0 native plugins for Editor in 0.00 ms.
Mono: successfully reloaded assembly
- Completed reload, in  0.488 seconds
Domain Reload Profiling:
	ReloadAssembly (488ms)
		BeginReloadAssembly (33ms)
			ExecutionOrderSort (0ms)
			DisableScriptedObjects (0ms)
			BackupInstance (0ms)
			ReleaseScriptingObjects (0ms)
			CreateAndSetChildDomain (0ms)
		EndReloadAssembly (384ms)
			LoadAssemblies (33ms)
			RebuildTransferFunctionScriptingTraits (0ms)
			SetupTypeCache (82ms)
			ReleaseScriptCaches (0ms)
			RebuildScriptCaches (24ms)
			SetupLoadedEditorAssemblies (250ms)
				LogAssemblyErrors (0ms)
				InitializePlatformSupportModulesInManaged (77ms)
				SetLoadedEditorAssemblies (0ms)
				RefreshPlugins (91ms)
				BeforeProcessingInitializeOnLoad (1ms)
				ProcessInitializeOnLoadAttributes (54ms)
				ProcessInitializeOnLoadMethodAttributes (27ms)
				AfterProcessingInitializeOnLoad (0ms)
				EditorAssembliesLoaded (0ms)
			ExecutionOrderSort2 (0ms)
			AwakeInstancesAfterBackupRestoration (0ms)
Platform modules already initialized, skipping
Registering precompiled user dll's ...
Registered in 0.001800 seconds.
Begin MonoManager ReloadAssembly
Symbol file LoadedFromMemory doesn't match image /Users/kadirfurkancaybasi/Desktop/Disc Master/Library/PackageCache/com.unity.visualscripting@1.7.8/Editor/VisualScripting.Core/Dependencies/YamlDotNet/Unity.VisualScripting.YamlDotNet.dll
Symbol file LoadedFromMemory doesn't match image /Users/kadirfurkancaybasi/Desktop/Disc Master/Library/PackageCache/com.unity.visualscripting@1.7.8/Editor/VisualScripting.Core/Dependencies/DotNetZip/Unity.VisualScripting.IonicZip.dll
Native extension for iOS target not found
Native extension for Android target not found
Native extension for OSXStandalone target not found
Refreshing native plugins compatible for Editor in 88.65 ms, found 2 plugins.
Preloading 0 native plugins for Editor in 0.00 ms.
Mono: successfully reloaded assembly
- Completed reload, in  0.886 seconds
Domain Reload Profiling:
	ReloadAssembly (887ms)
		BeginReloadAssembly (161ms)
			ExecutionOrderSort (0ms)
			DisableScriptedObjects (3ms)
			BackupInstance (0ms)
			ReleaseScriptingObjects (0ms)
			CreateAndSetChildDomain (117ms)
		EndReloadAssembly (651ms)
			LoadAssemblies (32ms)
			RebuildTransferFunctionScriptingTraits (0ms)
			SetupTypeCache (216ms)
			ReleaseScriptCaches (0ms)
			RebuildScriptCaches (42ms)
			SetupLoadedEditorAssemblies (326ms)
				LogAssemblyErrors (0ms)
				InitializePlatformSupportModulesInManaged (14ms)
				SetLoadedEditorAssemblies (0ms)
				RefreshPlugins (89ms)
				BeforeProcessingInitializeOnLoad (59ms)
				ProcessInitializeOnLoadAttributes (149ms)
				ProcessInitializeOnLoadMethodAttributes (14ms)
				AfterProcessingInitializeOnLoad (1ms)
				EditorAssembliesLoaded (0ms)
			ExecutionOrderSort2 (0ms)
			AwakeInstancesAfterBackupRestoration (2ms)
Platform modules already initialized, skipping
========================================================================
Worker process is ready to serve import requests
Launching external process: /Applications/Unity/Hub/Editor/2021.3.15f1/Unity.app/Contents/Tools/UnityShaderCompiler
Launched and connected shader compiler UnityShaderCompiler after 0.05 seconds
Refreshing native plugins compatible for Editor in 0.61 ms, found 2 plugins.
Preloading 0 native plugins for Editor in 0.00 ms.
Unloading 3566 Unused Serialized files (Serialized files now loaded: 0)
Unloading 37 unused Assets / (1.3 MB). Loaded Objects now: 4023.
Memory consumption went from 129.7 MB to 128.4 MB.
Total: 2.809375 ms (FindLiveObjects: 0.134917 ms CreateObjectMapping: 0.046666 ms MarkObjects: 2.107292 ms  DeleteObjects: 0.519750 ms)

AssetImportParameters requested are different than current active one (requested -> active):
  custom:video-decoder-ogg-theora: a1e56fd34408186e4bbccfd4996cb3dc -> 
  custom:container-muxer-webm: aa71ff27fc2769a1b78a27578f13a17b -> 
  custom:container-demuxer-webm: 4f35f7cbe854078d1ac9338744f61a02 -> 
  custom:video-encoder-webm-vp8: eb34c28f22e8b96e1ab97ce403110664 -> 
  custom:framework-osx-AVFoundation: e770b220cccbd017edd2c1fefb359320 -> 
  custom:audio-encoder-webm-vorbis: bf7c407c2cedff20999df2af8eb42d56 -> 
  custom:container-demuxer-ogg: 62fdf1f143b41e24485cea50d1cbac27 -> 
  custom:video-decoder-webm-vp8: 9c59270c3fd7afecdb556c50c9e8de78 -> 
  custom:audio-decoder-ogg-vorbis: bf7c407c2cedff20999df2af8eb42d56 -> 
========================================================================
Received Import Request.
  Time since last request: 297.215356 seconds.
  path: Assets/Sprites/SpreadShotPower.png
  artifactKey: Guid(7a78515ca921fd44dbd3eb7c7906611e) Importer(815301076,1909f56bfc062723c751e8b465ee728b)
Start importing Assets/Sprites/SpreadShotPower.png using Guid(7a78515ca921fd44dbd3eb7c7906611e) Importer(815301076,1909f56bfc062723c751e8b465ee728b)  -> (artifact id: '118b183a60ae06782067c039ddc16075') in 0.494519 seconds 
========================================================================
Received Import Request.
  Time since last request: 0.000071 seconds.
  path: Assets/Sprites/RedGradient.png
  artifactKey: Guid(56d260b3f502f4969a967912cf2e0135) Importer(815301076,1909f56bfc062723c751e8b465ee728b)
Start importing Assets/Sprites/RedGradient.png using Guid(56d260b3f502f4969a967912cf2e0135) Importer(815301076,1909f56bfc062723c751e8b465ee728b)  -> (artifact id: '21526587b7854854fe5a2032014700f3') in 0.007347 seconds 
========================================================================
Received Import Request.
  Time since last request: 124.200201 seconds.
  path: Assets/Materials
  artifactKey: Guid(55f1856e7f85d44c1acb5748352936f5) Importer(815301076,1909f56bfc062723c751e8b465ee728b)
Start importing Assets/Materials using Guid(55f1856e7f85d44c1acb5748352936f5) Importer(815301076,1909f56bfc062723c751e8b465ee728b)  -> (artifact id: 'f17d1b1e50278f09409bcc8396abc171') in 0.001349 seconds 
========================================================================
Received Import Request.
  Time since last request: 18.067185 seconds.
  path: Assets/Materials/Platform.mat
  artifactKey: Guid(127708c01e2384e9eaa3146a3bf2895d) Importer(815301076,1909f56bfc062723c751e8b465ee728b)
Start importing Assets/Materials/Platform.mat using Guid(127708c01e2384e9eaa3146a3bf2895d) Importer(815301076,1909f56bfc062723c751e8b465ee728b)  -> (artifact id: 'f20d7ee347a785e2839ebf6c4666aa0f') in 0.392296 seconds 
========================================================================
Received Import Request.
  Time since last request: 343.567583 seconds.
  path: Assets/Sprites/PlatformArrow.png
  artifactKey: Guid(a55cacc20416d46bd8a7161bd0f52a6b) Importer(815301076,1909f56bfc062723c751e8b465ee728b)
Start importing Assets/Sprites/PlatformArrow.png using Guid(a55cacc20416d46bd8a7161bd0f52a6b) Importer(815301076,1909f56bfc062723c751e8b465ee728b)  -> (artifact id: '983cc7451f48c85ac4e69c74f44e21a3') in 0.006260 seconds 
========================================================================
Received Import Request.
  Time since last request: 18.330212 seconds.
  path: Assets/Sprites/PlatformArrow.png
  artifactKey: Guid(a55cacc20416d46bd8a7161bd0f52a6b) Importer(815301076,1909f56bfc062723c751e8b465ee728b)
Start importing Assets/Sprites/PlatformArrow.png using Guid(a55cacc20416d46bd8a7161bd0f52a6b) Importer(815301076,1909f56bfc062723c751e8b465ee728b)  -> (artifact id: '23986da34e81cec3466d57f1cf652a3c') in 0.005781 seconds 
========================================================================
Received Import Request.
  Time since last request: 117.170333 seconds.
  path: Assets/Sprites/PlatformArrow.png
  artifactKey: Guid(a55cacc20416d46bd8a7161bd0f52a6b) Importer(815301076,1909f56bfc062723c751e8b465ee728b)
Start importing Assets/Sprites/PlatformArrow.png using Guid(a55cacc20416d46bd8a7161bd0f52a6b) Importer(815301076,1909f56bfc062723c751e8b465ee728b)  -> (artifact id: 'fd479578cde1f4dcfa34f9cc51f455cf') in 0.007332 seconds 
========================================================================
Received Import Request.
  Time since last request: 125.151861 seconds.
  path: Assets/Sprites/PlatformArrow.png
  artifactKey: Guid(a55cacc20416d46bd8a7161bd0f52a6b) Importer(815301076,1909f56bfc062723c751e8b465ee728b)
Start importing Assets/Sprites/PlatformArrow.png using Guid(a55cacc20416d46bd8a7161bd0f52a6b) Importer(815301076,1909f56bfc062723c751e8b465ee728b)  -> (artifact id: 'f05f46120305374ef9485fd67ad2d20a') in 0.005898 seconds 
========================================================================
Received Import Request.
  Time since last request: 250.391681 seconds.
  path: Assets/Prefabs/Stones/StoneBase.prefab
  artifactKey: Guid(52df442a2bdd2466f824c1555ed3ba1a) Importer(815301076,1909f56bfc062723c751e8b465ee728b)
Start importing Assets/Prefabs/Stones/StoneBase.prefab using Guid(52df442a2bdd2466f824c1555ed3ba1a) Importer(815301076,1909f56bfc062723c751e8b465ee728b)  -> (artifact id: 'a99cff3613d79fb938269b11e64497a6') in 0.072267 seconds 
========================================================================
Received Import Request.
  Time since last request: 0.555083 seconds.
  path: Assets/Prefabs/Stones/Stone_3.prefab
  artifactKey: Guid(d4c5e50747bd44661a871877ac0c6783) Importer(815301076,1909f56bfc062723c751e8b465ee728b)
Start importing Assets/Prefabs/Stones/Stone_3.prefab using Guid(d4c5e50747bd44661a871877ac0c6783) Importer(815301076,1909f56bfc062723c751e8b465ee728b)  -> (artifact id: '3c537c7478bf3b214b600133139ef32e') in 0.015996 seconds 
========================================================================
Received Import Request.
  Time since last request: 0.477908 seconds.
  path: Assets/Prefabs/Stones/Stone_2.prefab
  artifactKey: Guid(bebca705c0b7249aaa56ea268ef9c0a6) Importer(815301076,1909f56bfc062723c751e8b465ee728b)
Start importing Assets/Prefabs/Stones/Stone_2.prefab using Guid(bebca705c0b7249aaa56ea268ef9c0a6) Importer(815301076,1909f56bfc062723c751e8b465ee728b)  -> (artifact id: '8d04a02630b16c5430c85c7466a245f0') in 0.016208 seconds 
========================================================================
Received Import Request.
  Time since last request: 0.492908 seconds.
  path: Assets/Prefabs/Stones/Stone_1.prefab
  artifactKey: Guid(673160258b2074964b4639387c421554) Importer(815301076,1909f56bfc062723c751e8b465ee728b)
Start importing Assets/Prefabs/Stones/Stone_1.prefab using Guid(673160258b2074964b4639387c421554) Importer(815301076,1909f56bfc062723c751e8b465ee728b)  -> (artifact id: '87202cdf19538c7ad23107600db88e7b') in 0.015589 seconds 
========================================================================
Received Import Request.
  Time since last request: 398.914091 seconds.
  path: Assets/AssetPacks/Hyper Casual Workers/Materials
  artifactKey: Guid(9ee6695358262f445934202a18204702) Importer(815301076,1909f56bfc062723c751e8b465ee728b)
Start importing Assets/AssetPacks/Hyper Casual Workers/Materials using Guid(9ee6695358262f445934202a18204702) Importer(815301076,1909f56bfc062723c751e8b465ee728b)  -> (artifact id: 'c27497219cf6a25f873d390f8600430e') in 0.000873 seconds 
========================================================================
Received Import Request.
  Time since last request: 0.630246 seconds.
  path: Assets/AssetPacks/Hyper Casual Workers/Textures
  artifactKey: Guid(cd0af6bcdbccabc4fb8e7f1df5c8d180) Importer(815301076,1909f56bfc062723c751e8b465ee728b)
Start importing Assets/AssetPacks/Hyper Casual Workers/Textures using Guid(cd0af6bcdbccabc4fb8e7f1df5c8d180) Importer(815301076,1909f56bfc062723c751e8b465ee728b)  -> (artifact id: '1828dd7f67793719721190573d6f2a25') in 0.001623 seconds 
========================================================================
Received Import Request.
  Time since last request: 0.584954 seconds.
  path: Assets/AssetPacks/Hyper Casual Workers/Models
  artifactKey: Guid(1f67eb0e73ee917449d1b7440e2feef2) Importer(815301076,1909f56bfc062723c751e8b465ee728b)
Start importing Assets/AssetPacks/Hyper Casual Workers/Models using Guid(1f67eb0e73ee917449d1b7440e2feef2) Importer(815301076,1909f56bfc062723c751e8b465ee728b)  -> (artifact id: '0ba828fca4884b84f2c31a6e0d040e14') in 0.001687 seconds 
